Arguments: 
  C:\Program Files\nodejs\node.exe C:\Users\limingzheng\AppData\Roaming\npm\node_modules\yarn\bin\yarn.js

PATH: 
  C:\ProgramData\Oracle\Java\javapath;C:\Program Files (x86)\Intel\iCLS Client\;C:\Program Files\Intel\iCLS Client\;C:\Windows\system32;C:\Windows;C:\Windows\System32\Wbem;C:\Windows\System32\WindowsPowerShell\v1.0\;C:\Program Files (x86)\Intel\Intel(R) Management Engine Components\DAL;C:\Program Files\Intel\Intel(R) Management Engine Components\DAL;C:\Program Files (x86)\Intel\Intel(R) Management Engine Components\IPT;C:\Program Files\Intel\Intel(R) Management Engine Components\IPT;C:\Program Files (x86)\NVIDIA Corporation\PhysX\Common;C:\WINDOWS\system32;C:\WINDOWS;C:\WINDOWS\System32\Wbem;C:\WINDOWS\System32\WindowsPowerShell\v1.0\;C:\Program Files\nodejs\;C:\Program Files\Git\cmd;C:\Users\limingzheng\AppData\Roaming\npm;C:\Program Files\Java\jdk1.8.0_112\bin;C:\Program Files\Java\jre1.8.0_112\bin;C:\Program Files\Java\jdk1.8.0_25\lib;C:\Program Files\apache-tomcat-9.0.0.M15\bin;C:\Program Files\TortoiseGit\bin;C:\Program Files (x86)\Google\Chrome\Application;C:\Program Files\Intel\WiFi\bin\;C:\Program Files\Common Files\Intel\WirelessCommon\;C:\Program Files\MongoDB\Server\3.4\bin;C:\Program Files\TortoiseSVN\bin;C:\Program Files\VisualSVN Server\bin;C:\Users\limingzheng\AppData\Local\Microsoft\WindowsApps;C:\Users\limingzheng\AppData\Roaming\npm

Yarn version: 
  0.18.1

Node version: 
  6.9.2

Platform: 
  win32 x64

npm manifest: 
  {
    "private": true,
    "dependencies": {
      "antd": "^2.10.0",
      "classnames": "^2.2.5",
      "draftjs-to-markdown": "^0.4.0",
      "dva": "^1.2.0",
      "dva-loading": "^0.2.0",
      "lodash": "^4.17.4",
      "nprogress": "^0.2.0",
      "qs": "^6.2.0",
      "react": "^15.4.4",
      "react-countup": "1.3.0",
      "react-dom": "^15.4.1",
      "react-draft-wysiwyg": "^1.8.1",
      "react-helmet": "^5.0.0",
      "recharts": "^0.19.0"
    },
    "devDependencies": {
      "axios": "^0.15.3",
      "babel-eslint": "^6.1.2",
      "babel-plugin-dev-expression": "^0.2.1",
      "babel-plugin-dva-hmr": "^0.3.2",
      "babel-plugin-import": "^1.1.1",
      "babel-plugin-transform-runtime": "^6.9.0",
      "babel-polyfill": "^6.23.0",
      "babel-runtime": "^6.9.2",
      "draftjs-to-html": "^0.7.0",
      "eslint": "^3.17.1",
      "eslint-config-airbnb": "^9.0.1",
      "eslint-plugin-import": "^1.16.0",
      "eslint-plugin-jsx-a11y": "^1.4.2",
      "eslint-plugin-react": "^5.1.1",
      "jsonp": "^0.2.1",
      "less-vars-to-js": "^1.1.2",
      "mockjs": "^1.0.1-beta3",
      "path-to-regexp": "^1.7.0",
      "rc-tween-one": "^1.0.0",
      "redbox-react": "^1.2.10",
      "roadhog": "0.6.0-beta.6"
    },
    "pre-commit": [
      "lint"
    ],
    "scripts": {
      "dev": "set BROWSER=none&&set HOST=0.0.0.0&&roadhog server",
      "lint": "eslint --fix --ext .js src",
      "build": "roadhog build --analyze"
    }
  }

yarn manifest: 
  No manifest

Lockfile: 
  No lockfile

Trace: 
  Error: connect ETIMEDOUT 114.55.80.225:443
      at Object.exports._errnoException (util.js:1022:11)
      at exports._exceptionWithHostPort (util.js:1045:20)
      at TCPConnectWrap.afterConnect [as oncomplete] (net.js:1087:14)
